<?xml version="1.0" encoding="UTF-8"?>
<testng-results ignored="0" total="1" passed="1" failed="0" skipped="0">
  <reporter-output>
  </reporter-output>
  <suite started-at="2022-12-13T23:39:10 IST" name="Default suite" finished-at="2022-12-13T23:41:18 IST" duration-ms="127284">
    <groups>
    </groups>
    <test started-at="2022-12-13T23:39:10 IST" name="Default test" finished-at="2022-12-13T23:41:18 IST" duration-ms="127284">
      <class name="hybrid_appium.hybrid3_genstore">
        <test-method is-config="true" signature="BT()[pri:0, instance:hybrid_appium.hybrid3_genstore@771a660]" started-at="2022-12-13T23:39:10 IST" name="BT" finished-at="2022-12-13T23:39:50 IST" duration-ms="39637" status="PASS">
          <reporter-output>
          </reporter-output>
        </test-method> <!-- BT -->
        <test-method signature="testcase1()[pri:0, instance:hybrid_appium.hybrid3_genstore@771a660]" started-at="2022-12-13T23:39:51 IST" name="testcase1" finished-at="2022-12-13T23:41:17 IST" duration-ms="86274" status="PASS">
          <reporter-output>
          </reporter-output>
        </test-method> <!-- testcase1 -->
      </class> <!-- hybrid_appium.hybrid3_genstore -->
    </test> <!-- Default test -->
  </suite> <!-- Default suite -->
</testng-results>
